<?xml version="1.0" encoding="UTF-8"?>
<!-- Generated by org.testng.reporters.JUnitReportReporter -->
<testsuite hostname="DESKTOP-F35N9PK" failures="0" tests="3" name="tests.Login" time="9.896" errors="0" timestamp="2023-05-02T12:42:45 IST" skipped="0">
  <testcase classname="tests.Login" name="testLogin" time="3.095"/>
  <system-out/>
  <testcase classname="tests.Login" name="testLogin" time="2.816"/>
  <system-out/>
  <testcase classname="tests.Login" name="testLogin" time="3.985"/>
  <system-out/>
</testsuite> <!-- tests.Login -->
