<?xml version="1.0" encoding="UTF-8"?>
<!-- Generated by org.testng.reporters.JUnitReportReporter -->
<testsuite hostname="DESKTOP-F35N9PK" failures="0" tests="3" name="tests.LoginTest" time="13.204" errors="0" timestamp="2023-05-02T17:06:48 IST" skipped="0">
  <testcase classname="tests.LoginTest" name="testLogin" time="3.784"/>
  <system-out/>
  <testcase classname="tests.LoginTest" name="testLogin" time="5.565"/>
  <system-out/>
  <testcase classname="tests.LoginTest" name="testLogin" time="3.855"/>
  <system-out/>
</testsuite> <!-- tests.LoginTest -->
